<?xml version="1.0" encoding="UTF-8"?>
<!-- Generated by org.testng.reporters.JUnitReportReporter -->
<testsuite skipped="0" hostname="VRAMU-IN2" name="com.zest.tests.TripAdvisorTest" tests="1" failures="0" timestamp="10 Dec 2019 10:45:28 GMT" time="144.756" errors="0">
  <testcase name="writeTripAdvisorReview" time="144.756" classname="com.zest.tests.TripAdvisorTest"/>
</testsuite> <!-- com.zest.tests.TripAdvisorTest -->
