<?xml version="1.0" encoding="UTF-8"?>
<!-- Generated by org.testng.reporters.JUnitReportReporter -->
<testsuite skipped="0" hostname="vsp-Lenovo-Z51-70" name="com.zest.tests.TripAdvisorTest" tests="1" failures="0" timestamp="2019-12-15T12:45:17 IST" time="112.600" errors="0">
  <testcase name="writeTripAdvisorReview" time="112.600" classname="com.zest.tests.TripAdvisorTest"/>
</testsuite> <!-- com.zest.tests.TripAdvisorTest -->
