<?xml version="1.0" encoding="UTF-8"?>
<!-- Generated by org.testng.reporters.JUnitReportReporter -->
<testsuite skipped="0" hostname="VRAMU-IN2" name="com.zest.tests.AmazonFlipkartTest" tests="2" failures="0" timestamp="10 Dec 2019 07:10:09 GMT" time="54.163" errors="0">
  <testcase name="AmazonSearchTest" time="27.208" classname="com.zest.tests.AmazonFlipkartTest"/>
  <testcase name="FlipkartSearchTest" time="26.955" classname="com.zest.tests.AmazonFlipkartTest"/>
</testsuite> <!-- com.zest.tests.AmazonFlipkartTest -->
